c:\users\evansta\source\muskingum\muskingumbmi\debug\muskingumbmi.pch
c:\users\evansta\source\muskingum\muskingumbmi\debug\vc141.pdb
c:\users\evansta\source\muskingum\muskingumbmi\debug\vc141.idb
c:\users\evansta\source\muskingum\muskingumbmi\debug\stdafx.obj
c:\users\evansta\source\muskingum\muskingumbmi\debug\dllmain.obj
c:\users\evansta\source\muskingum\muskingumbmi\debug\muskingumbmi.obj
c:\users\evansta\source\muskingum\muskingumbmi\debug\muskingumrouter.obj
c:\users\evansta\source\muskingum\muskingumbmi\debug\muskingumyamlparser.obj
c:\users\evansta\source\muskingum\muskingumbmi\debug\muskingumbmi.ilk
c:\users\evansta\source\muskingum\muskingumbmi\debug\muskingumbmi.dll
c:\users\evansta\source\muskingum\muskingumbmi\debug\muskingumbmi.pdb
c:\users\evansta\source\muskingum\muskingumbmi\debug\muskingumbmi.lib
c:\users\evansta\source\muskingum\muskingumbmi\debug\muskingumbmi.exp
c:\users\evansta\source\muskingum\muskingumbmi\debug\bmiroutingapp.ilk
c:\users\evansta\source\muskingum\muskingumbmi\debug\bmiroutingapp.pdb
c:\users\evansta\source\muskingum\muskingumbmi\debug\muskingumbmi.tlog\cl.command.1.tlog
c:\users\evansta\source\muskingum\muskingumbmi\debug\muskingumbmi.tlog\cl.read.1.tlog
c:\users\evansta\source\muskingum\muskingumbmi\debug\muskingumbmi.tlog\cl.write.1.tlog
c:\users\evansta\source\muskingum\muskingumbmi\debug\muskingumbmi.tlog\link.command.1.tlog
c:\users\evansta\source\muskingum\muskingumbmi\debug\muskingumbmi.tlog\link.read.1.tlog
c:\users\evansta\source\muskingum\muskingumbmi\debug\muskingumbmi.tlog\link.write.1.tlog
c:\users\evansta\source\muskingum\muskingumbmi\debug\muskingumbmi.tlog\muskingumbmi.write.1u.tlog
